# JRE version: OpenJDK Runtime Environment GraalVM CE 22.3.0 (17.0.5+8) (build 17.0.5+8-jvmci-22.3-b08)
# Java VM: OpenJDK 64-Bit Server VM GraalVM CE 22.3.0 (17.0.5+8-jvmci-22.3-b08, mixed mode, sharing, tiered, jvmci, jvmci compiler, compressed oops, compressed class ptrs, parallel gc, linux-amd64)
GC Precious Log:
 CPUs: 8 total, 1 available
 Memory: 1024M
 Large Page Support: Disabled
 NUMA Support: Disabled
 Compressed Oops: Enabled (32-bit)
 Alignments: Space 512K, Generation 512K, Heap 2M
 Heap Min Capacity: 100M
 Heap Initial Capacity: 100M
 Heap Max Capacity: 512M
 Pre-touch: Disabled
 Parallel Workers: 1
Heap:
 PSYoungGen      total 37376K, used 25088K [0x00000000f5580000, 0x00000000f8780000, 0x0000000100000000)
  eden space 25088K, 100% used [0x00000000f5580000,0x00000000f6e00000,0x00000000f6e00000)
  from space 12288K, 0% used [0x00000000f6e00000,0x00000000f6e00000,0x00000000f7a00000)
  to   space 11776K, 0% used [0x00000000f7a80000,0x00000000f7a80000,0x00000000f8600000)
 ParOldGen       total 349696K, used 349694K [0x00000000e0000000, 0x00000000f5580000, 0x00000000f5580000)
  object space 349696K, 99% used [0x00000000e0000000,0x00000000f557fad0,0x00000000f5580000)
 Metaspace       used 57126K, committed 57984K, reserved 1105920K
  class space    used 5472K, committed 5824K, reserved 1048576K
GC Heap History (20 events):
Event: 894.822 GC heap before
{Heap before GC invocations=734 (full 632):
 PSYoungGen      total 37376K, used 25087K [0x00000000f5580000, 0x00000000f8780000, 0x0000000100000000)
  eden space 25088K, 99% used [0x00000000f5580000,0x00000000f6dffff0,0x00000000f6e00000)
  from space 12288K, 0% used [0x00000000f6e00000,0x00000000f6e00000,0x00000000f7a00000)
  to   space 11776K, 0% used [0x00000000f7a80000,0x00000000f7a80000,0x00000000f8600000)
 ParOldGen       total 349696K, used 349686K [0x00000000e0000000, 0x00000000f5580000, 0x00000000f5580000)
  object space 349696K, 99% used [0x00000000e0000000,0x00000000f557db30,0x00000000f5580000)
 Metaspace       used 57126K, committed 57984K, reserved 1105920K
  class space    used 5472K, committed 5824K, reserved 1048576K
}
Event: 896.120 GC heap after
{Heap after GC invocations=734 (full 632):
 PSYoungGen      total 36864K, used 25087K [0x00000000f5580000, 0x00000000f8780000, 0x0000000100000000)
  eden space 25088K, 99% used [0x00000000f5580000,0x00000000f6dfffd0,0x00000000f6e00000)
  from space 11776K, 0% used [0x00000000f7a80000,0x00000000f7a80000,0x00000000f8600000)
  to   space 12288K, 0% used [0x00000000f6e00000,0x00000000f6e00000,0x00000000f7a00000)
 ParOldGen       total 349696K, used 349686K [0x00000000e0000000, 0x00000000f5580000, 0x00000000f5580000)
  object space 349696K, 99% used [0x00000000e0000000,0x00000000f557db30,0x00000000f5580000)
 Metaspace       used 57126K, committed 57984K, reserved 1105920K
  class space    used 5472K, committed 5824K, reserved 1048576K
}
Event: 896.127 GC heap before
{Heap before GC invocations=735 (full 633):
 PSYoungGen      total 36864K, used 25088K [0x00000000f5580000, 0x00000000f8780000, 0x0000000100000000)
  eden space 25088K, 100% used [0x00000000f5580000,0x00000000f6e00000,0x00000000f6e00000)
  from space 11776K, 0% used [0x00000000f7a80000,0x00000000f7a80000,0x00000000f8600000)
  to   space 12288K, 0% used [0x00000000f6e00000,0x00000000f6e00000,0x00000000f7a00000)
 ParOldGen       total 349696K, used 349686K [0x00000000e0000000, 0x00000000f5580000, 0x00000000f5580000)
  object space 349696K, 99% used [0x00000000e0000000,0x00000000f557db30,0x00000000f5580000)
 Metaspace       used 57126K, committed 57984K, reserved 1105920K
  class space    used 5472K, committed 5824K, reserved 1048576K
}
Event: 897.412 GC heap after
{Heap after GC invocations=735 (full 633):
 PSYoungGen      total 37376K, used 25088K [0x00000000f5580000, 0x00000000f8780000, 0x0000000100000000)
  eden space 25088K, 100% used [0x00000000f5580000,0x00000000f6e00000,0x00000000f6e00000)
  from space 12288K, 0% used [0x00000000f6e00000,0x00000000f6e00000,0x00000000f7a00000)
  to   space 11776K, 0% used [0x00000000f7a80000,0x00000000f7a80000,0x00000000f8600000)
 ParOldGen       total 349696K, used 349686K [0x00000000e0000000, 0x00000000f5580000, 0x00000000f5580000)
  object space 349696K, 99% used [0x00000000e0000000,0x00000000f557db30,0x00000000f5580000)
 Metaspace       used 57126K, committed 57984K, reserved 1105920K
  class space    used 5472K, committed 5824K, reserved 1048576K
}
Event: 897.417 GC heap before
{Heap before GC invocations=736 (full 634):
 PSYoungGen      total 37376K, used 25088K [0x00000000f5580000, 0x00000000f8780000, 0x0000000100000000)
  eden space 25088K, 100% used [0x00000000f5580000,0x00000000f6e00000,0x00000000f6e00000)
  from space 12288K, 0% used [0x00000000f6e00000,0x00000000f6e00000,0x00000000f7a00000)
  to   space 11776K, 0% used [0x00000000f7a80000,0x00000000f7a80000,0x00000000f8600000)
 ParOldGen       total 349696K, used 349689K [0x00000000e0000000, 0x00000000f5580000, 0x00000000f5580000)
  object space 349696K, 99% used [0x00000000e0000000,0x00000000f557e730,0x00000000f5580000)
 Metaspace       used 57126K, committed 57984K, reserved 1105920K
  class space    used 5472K, committed 5824K, reserved 1048576K
}
Event: 898.719 GC heap after
{Heap after GC invocations=736 (full 634):
 PSYoungGen      total 36864K, used 25087K [0x00000000f5580000, 0x00000000f8780000, 0x0000000100000000)
  eden space 25088K, 99% used [0x00000000f5580000,0x00000000f6dfffb0,0x00000000f6e00000)
  from space 11776K, 0% used [0x00000000f7a80000,0x00000000f7a80000,0x00000000f8600000)
  to   space 12288K, 0% used [0x00000000f6e00000,0x00000000f6e00000,0x00000000f7a00000)
 ParOldGen       total 349696K, used 349688K [0x00000000e0000000, 0x00000000f5580000, 0x00000000f5580000)
  object space 349696K, 99% used [0x00000000e0000000,0x00000000f557e358,0x00000000f5580000)
 Metaspace       used 57126K, committed 57984K, reserved 1105920K
  class space    used 5472K, committed 5824K, reserved 1048576K
}
Event: 898.729 GC heap before
{Heap before GC invocations=737 (full 635):
 PSYoungGen      total 36864K, used 25087K [0x00000000f5580000, 0x00000000f8780000, 0x0000000100000000)
  eden space 25088K, 99% used [0x00000000f5580000,0x00000000f6dfffe0,0x00000000f6e00000)
  from space 11776K, 0% used [0x00000000f7a80000,0x00000000f7a80000,0x00000000f8600000)
  to   space 12288K, 0% used [0x00000000f6e00000,0x00000000f6e00000,0x00000000f7a00000)
 ParOldGen       total 349696K, used 349688K [0x00000000e0000000, 0x00000000f5580000, 0x00000000f5580000)
  object space 349696K, 99% used [0x00000000e0000000,0x00000000f557e358,0x00000000f5580000)
 Metaspace       used 57126K, committed 57984K, reserved 1105920K
  class space    used 5472K, committed 5824K, reserved 1048576K
}
Event: 900.103 GC heap after
{Heap after GC invocations=737 (full 635):
 PSYoungGen      total 37376K, used 25087K [0x00000000f5580000, 0x00000000f8780000, 0x0000000100000000)
  eden space 25088K, 99% used [0x00000000f5580000,0x00000000f6dfffe0,0x00000000f6e00000)
  from space 12288K, 0% used [0x00000000f6e00000,0x00000000f6e00000,0x00000000f7a00000)
  to   space 11776K, 0% used [0x00000000f7a80000,0x00000000f7a80000,0x00000000f8600000)
 ParOldGen       total 349696K, used 349688K [0x00000000e0000000, 0x00000000f5580000, 0x00000000f5580000)
  object space 349696K, 99% used [0x00000000e0000000,0x00000000f557e358,0x00000000f5580000)
 Metaspace       used 57126K, committed 57984K, reserved 1105920K
  class space    used 5472K, committed 5824K, reserved 1048576K
}
Event: 900.104 GC heap before
{Heap before GC invocations=738 (full 636):
 PSYoungGen      total 37376K, used 25087K [0x00000000f5580000, 0x00000000f8780000, 0x0000000100000000)
  eden space 25088K, 99% used [0x00000000f5580000,0x00000000f6dffff8,0x00000000f6e00000)
  from space 12288K, 0% used [0x00000000f6e00000,0x00000000f6e00000,0x00000000f7a00000)
  to   space 11776K, 0% used [0x00000000f7a80000,0x00000000f7a80000,0x00000000f8600000)
 ParOldGen       total 349696K, used 349690K [0x00000000e0000000, 0x00000000f5580000, 0x00000000f5580000)
  object space 349696K, 99% used [0x00000000e0000000,0x00000000f557e9f0,0x00000000f5580000)
 Metaspace       used 57126K, committed 57984K, reserved 1105920K
  class space    used 5472K, committed 5824K, reserved 1048576K
}
Event: 901.289 GC heap after
{Heap after GC invocations=738 (full 636):
 PSYoungGen      total 36864K, used 25087K [0x00000000f5580000, 0x00000000f8780000, 0x0000000100000000)
  eden space 25088K, 99% used [0x00000000f5580000,0x00000000f6dfffb0,0x00000000f6e00000)
  from space 11776K, 0% used [0x00000000f7a80000,0x00000000f7a80000,0x00000000f8600000)
  to   space 12288K, 0% used [0x00000000f6e00000,0x00000000f6e00000,0x00000000f7a00000)
 ParOldGen       total 349696K, used 349689K [0x00000000e0000000, 0x00000000f5580000, 0x00000000f5580000)
  object space 349696K, 99% used [0x00000000e0000000,0x00000000f557e440,0x00000000f5580000)
 Metaspace       used 57126K, committed 57984K, reserved 1105920K
  class space    used 5472K, committed 5824K, reserved 1048576K
}
Event: 901.298 GC heap before
{Heap before GC invocations=739 (full 637):
 PSYoungGen      total 36864K, used 25088K [0x00000000f5580000, 0x00000000f8780000, 0x0000000100000000)
  eden space 25088K, 100% used [0x00000000f5580000,0x00000000f6e00000,0x00000000f6e00000)
  from space 11776K, 0% used [0x00000000f7a80000,0x00000000f7a80000,0x00000000f8600000)
  to   space 12288K, 0% used [0x00000000f6e00000,0x00000000f6e00000,0x00000000f7a00000)
 ParOldGen       total 349696K, used 349689K [0x00000000e0000000, 0x00000000f5580000, 0x00000000f5580000)
  object space 349696K, 99% used [0x00000000e0000000,0x00000000f557e440,0x00000000f5580000)
 Metaspace       used 57126K, committed 57984K, reserved 1105920K
  class space    used 5472K, committed 5824K, reserved 1048576K
}
Event: 902.630 GC heap after
{Heap after GC invocations=739 (full 637):
 PSYoungGen      total 37376K, used 25088K [0x00000000f5580000, 0x00000000f8780000, 0x0000000100000000)
  eden space 25088K, 100% used [0x00000000f5580000,0x00000000f6e00000,0x00000000f6e00000)
  from space 12288K, 0% used [0x00000000f6e00000,0x00000000f6e00000,0x00000000f7a00000)
  to   space 11776K, 0% used [0x00000000f7a80000,0x00000000f7a80000,0x00000000f8600000)
 ParOldGen       total 349696K, used 349689K [0x00000000e0000000, 0x00000000f5580000, 0x00000000f5580000)
  object space 349696K, 99% used [0x00000000e0000000,0x00000000f557e440,0x00000000f5580000)
 Metaspace       used 57126K, committed 57984K, reserved 1105920K
  class space    used 5472K, committed 5824K, reserved 1048576K
}
Event: 902.634 GC heap before
{Heap before GC invocations=740 (full 638):
 PSYoungGen      total 37376K, used 25088K [0x00000000f5580000, 0x00000000f8780000, 0x0000000100000000)
  eden space 25088K, 100% used [0x00000000f5580000,0x00000000f6e00000,0x00000000f6e00000)
  from space 12288K, 0% used [0x00000000f6e00000,0x00000000f6e00000,0x00000000f7a00000)
  to   space 11776K, 0% used [0x00000000f7a80000,0x00000000f7a80000,0x00000000f8600000)
 ParOldGen       total 349696K, used 349690K [0x00000000e0000000, 0x00000000f5580000, 0x00000000f5580000)
  object space 349696K, 99% used [0x00000000e0000000,0x00000000f557e948,0x00000000f5580000)
 Metaspace       used 57126K, committed 57984K, reserved 1105920K
  class space    used 5472K, committed 5824K, reserved 1048576K
}
Event: 903.999 GC heap after
{Heap after GC invocations=740 (full 638):
 PSYoungGen      total 36864K, used 25088K [0x00000000f5580000, 0x00000000f8780000, 0x0000000100000000)
  eden space 25088K, 100% used [0x00000000f5580000,0x00000000f6e00000,0x00000000f6e00000)
  from space 11776K, 0% used [0x00000000f7a80000,0x00000000f7a80000,0x00000000f8600000)
  to   space 12288K, 0% used [0x00000000f6e00000,0x00000000f6e00000,0x00000000f7a00000)
 ParOldGen       total 349696K, used 349689K [0x00000000e0000000, 0x00000000f5580000, 0x00000000f5580000)
  object space 349696K, 99% used [0x00000000e0000000,0x00000000f557e738,0x00000000f5580000)
 Metaspace       used 57126K, committed 57984K, reserved 1105920K
  class space    used 5472K, committed 5824K, reserved 1048576K
}
Event: 904.004 GC heap before
{Heap before GC invocations=741 (full 639):
 PSYoungGen      total 36864K, used 25088K [0x00000000f5580000, 0x00000000f8780000, 0x0000000100000000)
  eden space 25088K, 100% used [0x00000000f5580000,0x00000000f6e00000,0x00000000f6e00000)
  from space 11776K, 0% used [0x00000000f7a80000,0x00000000f7a80000,0x00000000f8600000)
  to   space 12288K, 0% used [0x00000000f6e00000,0x00000000f6e00000,0x00000000f7a00000)
 ParOldGen       total 349696K, used 349694K [0x00000000e0000000, 0x00000000f5580000, 0x00000000f5580000)
  object space 349696K, 99% used [0x00000000e0000000,0x00000000f557fb50,0x00000000f5580000)
 Metaspace       used 57126K, committed 57984K, reserved 1105920K
  class space    used 5472K, committed 5824K, reserved 1048576K
}
Event: 905.243 GC heap after
{Heap after GC invocations=741 (full 639):
 PSYoungGen      total 37376K, used 25088K [0x00000000f5580000, 0x00000000f8780000, 0x0000000100000000)
  eden space 25088K, 100% used [0x00000000f5580000,0x00000000f6e00000,0x00000000f6e00000)
  from space 12288K, 0% used [0x00000000f6e00000,0x00000000f6e00000,0x00000000f7a00000)
  to   space 11776K, 0% used [0x00000000f7a80000,0x00000000f7a80000,0x00000000f8600000)
 ParOldGen       total 349696K, used 349693K [0x00000000e0000000, 0x00000000f5580000, 0x00000000f5580000)
  object space 349696K, 99% used [0x00000000e0000000,0x00000000f557f630,0x00000000f5580000)
 Metaspace       used 57126K, committed 57984K, reserved 1105920K
  class space    used 5472K, committed 5824K, reserved 1048576K
}
Event: 905.244 GC heap before
{Heap before GC invocations=742 (full 640):
 PSYoungGen      total 37376K, used 25088K [0x00000000f5580000, 0x00000000f8780000, 0x0000000100000000)
  eden space 25088K, 100% used [0x00000000f5580000,0x00000000f6e00000,0x00000000f6e00000)
  from space 12288K, 0% used [0x00000000f6e00000,0x00000000f6e00000,0x00000000f7a00000)
  to   space 11776K, 0% used [0x00000000f7a80000,0x00000000f7a80000,0x00000000f8600000)
 ParOldGen       total 349696K, used 349693K [0x00000000e0000000, 0x00000000f5580000, 0x00000000f5580000)
  object space 349696K, 99% used [0x00000000e0000000,0x00000000f557f6e0,0x00000000f5580000)
 Metaspace       used 57126K, committed 57984K, reserved 1105920K
  class space    used 5472K, committed 5824K, reserved 1048576K
}
Event: 906.734 GC heap after
{Heap after GC invocations=742 (full 640):
 PSYoungGen      total 36864K, used 25088K [0x00000000f5580000, 0x00000000f8780000, 0x0000000100000000)
  eden space 25088K, 100% used [0x00000000f5580000,0x00000000f6e00000,0x00000000f6e00000)
  from space 11776K, 0% used [0x00000000f7a80000,0x00000000f7a80000,0x00000000f8600000)
  to   space 12288K, 0% used [0x00000000f6e00000,0x00000000f6e00000,0x00000000f7a00000)
 ParOldGen       total 349696K, used 349693K [0x00000000e0000000, 0x00000000f5580000, 0x00000000f5580000)
  object space 349696K, 99% used [0x00000000e0000000,0x00000000f557f630,0x00000000f5580000)
 Metaspace       used 57126K, committed 57984K, reserved 1105920K
  class space    used 5472K, committed 5824K, reserved 1048576K
}
Event: 906.734 GC heap before
{Heap before GC invocations=743 (full 641):
 PSYoungGen      total 36864K, used 25088K [0x00000000f5580000, 0x00000000f8780000, 0x0000000100000000)
  eden space 25088K, 100% used [0x00000000f5580000,0x00000000f6e00000,0x00000000f6e00000)
  from space 11776K, 0% used [0x00000000f7a80000,0x00000000f7a80000,0x00000000f8600000)
  to   space 12288K, 0% used [0x00000000f6e00000,0x00000000f6e00000,0x00000000f7a00000)
 ParOldGen       total 349696K, used 349693K [0x00000000e0000000, 0x00000000f5580000, 0x00000000f5580000)
  object space 349696K, 99% used [0x00000000e0000000,0x00000000f557f630,0x00000000f5580000)
 Metaspace       used 57126K, committed 57984K, reserved 1105920K
  class space    used 5472K, committed 5824K, reserved 1048576K
}
Event: 908.134 GC heap after
{Heap after GC invocations=743 (full 641):
 PSYoungGen      total 37376K, used 25088K [0x00000000f5580000, 0x00000000f8780000, 0x0000000100000000)
  eden space 25088K, 100% used [0x00000000f5580000,0x00000000f6e00000,0x00000000f6e00000)
  from space 12288K, 0% used [0x00000000f6e00000,0x00000000f6e00000,0x00000000f7a00000)
  to   space 11776K, 0% used [0x00000000f7a80000,0x00000000f7a80000,0x00000000f8600000)
 ParOldGen       total 349696K, used 349693K [0x00000000e0000000, 0x00000000f5580000, 0x00000000f5580000)
  object space 349696K, 99% used [0x00000000e0000000,0x00000000f557f5f0,0x00000000f5580000)
 Metaspace       used 57126K, committed 57984K, reserved 1105920K
  class space    used 5472K, committed 5824K, reserved 1048576K
}

