# JRE version: OpenJDK Runtime Environment GraalVM CE 22.3.0 (17.0.5+8) (build 17.0.5+8-jvmci-22.3-b08)
# Java VM: OpenJDK 64-Bit Server VM GraalVM CE 22.3.0 (17.0.5+8-jvmci-22.3-b08, mixed mode, sharing, tiered, jvmci, jvmci compiler, compressed oops, compressed class ptrs, parallel gc, linux-amd64)
GC Precious Log:
 CPUs: 8 total, 1 available
 Memory: 1024M
 Large Page Support: Disabled
 NUMA Support: Disabled
 Compressed Oops: Enabled (32-bit)
 Alignments: Space 512K, Generation 512K, Heap 2M
 Heap Min Capacity: 100M
 Heap Initial Capacity: 100M
 Heap Max Capacity: 512M
 Pre-touch: Disabled
 Parallel Workers: 1
Heap:
 PSYoungGen      total 29184K, used 24576K [0x00000000f5580000, 0x00000000f7800000, 0x0000000100000000)
  eden space 24576K, 100% used [0x00000000f5580000,0x00000000f6d80000,0x00000000f6d80000)
  from space 4608K, 0% used [0x00000000f7380000,0x00000000f7380000,0x00000000f7800000)
  to   space 5120K, 0% used [0x00000000f6d80000,0x00000000f6d80000,0x00000000f7280000)
 ParOldGen       total 349696K, used 349695K [0x00000000e0000000, 0x00000000f5580000, 0x00000000f5580000)
  object space 349696K, 99% used [0x00000000e0000000,0x00000000f557ffb0,0x00000000f5580000)
 Metaspace       used 65212K, committed 66112K, reserved 1114112K
  class space    used 5811K, committed 6208K, reserved 1048576K
GC Heap History (20 events):
Event: 1230.764 GC heap before
{Heap before GC invocations=1150 (full 922):
 PSYoungGen      total 29184K, used 24575K [0x00000000f5580000, 0x00000000f7800000, 0x0000000100000000)
  eden space 24576K, 99% used [0x00000000f5580000,0x00000000f6d7fe30,0x00000000f6d80000)
  from space 4608K, 0% used [0x00000000f7380000,0x00000000f7380000,0x00000000f7800000)
  to   space 5120K, 0% used [0x00000000f6d80000,0x00000000f6d80000,0x00000000f7280000)
 ParOldGen       total 349696K, used 349694K [0x00000000e0000000, 0x00000000f5580000, 0x00000000f5580000)
  object space 349696K, 99% used [0x00000000e0000000,0x00000000f557fa90,0x00000000f5580000)
 Metaspace       used 65212K, committed 66112K, reserved 1114112K
  class space    used 5811K, committed 6208K, reserved 1048576K
}
Event: 1231.868 GC heap after
{Heap after GC invocations=1150 (full 922):
 PSYoungGen      total 29696K, used 24575K [0x00000000f5580000, 0x00000000f7800000, 0x0000000100000000)
  eden space 24576K, 99% used [0x00000000f5580000,0x00000000f6d7fe30,0x00000000f6d80000)
  from space 5120K, 0% used [0x00000000f6d80000,0x00000000f6d80000,0x00000000f7280000)
  to   space 4608K, 0% used [0x00000000f7380000,0x00000000f7380000,0x00000000f7800000)
 ParOldGen       total 349696K, used 349694K [0x00000000e0000000, 0x00000000f5580000, 0x00000000f5580000)
  object space 349696K, 99% used [0x00000000e0000000,0x00000000f557fa90,0x00000000f5580000)
 Metaspace       used 65212K, committed 66112K, reserved 1114112K
  class space    used 5811K, committed 6208K, reserved 1048576K
}
Event: 1231.869 GC heap before
{Heap before GC invocations=1151 (full 923):
 PSYoungGen      total 29696K, used 24576K [0x00000000f5580000, 0x00000000f7800000, 0x0000000100000000)
  eden space 24576K, 100% used [0x00000000f5580000,0x00000000f6d80000,0x00000000f6d80000)
  from space 5120K, 0% used [0x00000000f6d80000,0x00000000f6d80000,0x00000000f7280000)
  to   space 4608K, 0% used [0x00000000f7380000,0x00000000f7380000,0x00000000f7800000)
 ParOldGen       total 349696K, used 349695K [0x00000000e0000000, 0x00000000f5580000, 0x00000000f5580000)
  object space 349696K, 99% used [0x00000000e0000000,0x00000000f557ffe8,0x00000000f5580000)
 Metaspace       used 65212K, committed 66112K, reserved 1114112K
  class space    used 5811K, committed 6208K, reserved 1048576K
}
Event: 1232.960 GC heap after
{Heap after GC invocations=1151 (full 923):
 PSYoungGen      total 29184K, used 24575K [0x00000000f5580000, 0x00000000f7800000, 0x0000000100000000)
  eden space 24576K, 99% used [0x00000000f5580000,0x00000000f6d7ff10,0x00000000f6d80000)
  from space 4608K, 0% used [0x00000000f7380000,0x00000000f7380000,0x00000000f7800000)
  to   space 5120K, 0% used [0x00000000f6d80000,0x00000000f6d80000,0x00000000f7280000)
 ParOldGen       total 349696K, used 349694K [0x00000000e0000000, 0x00000000f5580000, 0x00000000f5580000)
  object space 349696K, 99% used [0x00000000e0000000,0x00000000f557fae0,0x00000000f5580000)
 Metaspace       used 65212K, committed 66112K, reserved 1114112K
  class space    used 5811K, committed 6208K, reserved 1048576K
}
Event: 1232.963 GC heap before
{Heap before GC invocations=1152 (full 924):
 PSYoungGen      total 29184K, used 24575K [0x00000000f5580000, 0x00000000f7800000, 0x0000000100000000)
  eden space 24576K, 99% used [0x00000000f5580000,0x00000000f6d7fff8,0x00000000f6d80000)
  from space 4608K, 0% used [0x00000000f7380000,0x00000000f7380000,0x00000000f7800000)
  to   space 5120K, 0% used [0x00000000f6d80000,0x00000000f6d80000,0x00000000f7280000)
 ParOldGen       total 349696K, used 349694K [0x00000000e0000000, 0x00000000f5580000, 0x00000000f5580000)
  object space 349696K, 99% used [0x00000000e0000000,0x00000000f557fae0,0x00000000f5580000)
 Metaspace       used 65212K, committed 66112K, reserved 1114112K
  class space    used 5811K, committed 6208K, reserved 1048576K
}
Event: 1234.076 GC heap after
{Heap after GC invocations=1152 (full 924):
 PSYoungGen      total 29696K, used 24575K [0x00000000f5580000, 0x00000000f7800000, 0x0000000100000000)
  eden space 24576K, 99% used [0x00000000f5580000,0x00000000f6d7ff10,0x00000000f6d80000)
  from space 5120K, 0% used [0x00000000f6d80000,0x00000000f6d80000,0x00000000f7280000)
  to   space 4608K, 0% used [0x00000000f7380000,0x00000000f7380000,0x00000000f7800000)
 ParOldGen       total 349696K, used 349694K [0x00000000e0000000, 0x00000000f5580000, 0x00000000f5580000)
  object space 349696K, 99% used [0x00000000e0000000,0x00000000f557fae0,0x00000000f5580000)
 Metaspace       used 65212K, committed 66112K, reserved 1114112K
  class space    used 5811K, committed 6208K, reserved 1048576K
}
Event: 1234.076 GC heap before
{Heap before GC invocations=1153 (full 925):
 PSYoungGen      total 29696K, used 24575K [0x00000000f5580000, 0x00000000f7800000, 0x0000000100000000)
  eden space 24576K, 99% used [0x00000000f5580000,0x00000000f6d7fff0,0x00000000f6d80000)
  from space 5120K, 0% used [0x00000000f6d80000,0x00000000f6d80000,0x00000000f7280000)
  to   space 4608K, 0% used [0x00000000f7380000,0x00000000f7380000,0x00000000f7800000)
 ParOldGen       total 349696K, used 349694K [0x00000000e0000000, 0x00000000f5580000, 0x00000000f5580000)
  object space 349696K, 99% used [0x00000000e0000000,0x00000000f557fae0,0x00000000f5580000)
 Metaspace       used 65212K, committed 66112K, reserved 1114112K
  class space    used 5811K, committed 6208K, reserved 1048576K
}
Event: 1235.261 GC heap after
{Heap after GC invocations=1153 (full 925):
 PSYoungGen      total 29184K, used 24575K [0x00000000f5580000, 0x00000000f7800000, 0x0000000100000000)
  eden space 24576K, 99% used [0x00000000f5580000,0x00000000f6d7ff10,0x00000000f6d80000)
  from space 4608K, 0% used [0x00000000f7380000,0x00000000f7380000,0x00000000f7800000)
  to   space 5120K, 0% used [0x00000000f6d80000,0x00000000f6d80000,0x00000000f7280000)
 ParOldGen       total 349696K, used 349694K [0x00000000e0000000, 0x00000000f5580000, 0x00000000f5580000)
  object space 349696K, 99% used [0x00000000e0000000,0x00000000f557fae0,0x00000000f5580000)
 Metaspace       used 65212K, committed 66112K, reserved 1114112K
  class space    used 5811K, committed 6208K, reserved 1048576K
}
Event: 1235.261 GC heap before
{Heap before GC invocations=1154 (full 926):
 PSYoungGen      total 29184K, used 24575K [0x00000000f5580000, 0x00000000f7800000, 0x0000000100000000)
  eden space 24576K, 99% used [0x00000000f5580000,0x00000000f6d7fff8,0x00000000f6d80000)
  from space 4608K, 0% used [0x00000000f7380000,0x00000000f7380000,0x00000000f7800000)
  to   space 5120K, 0% used [0x00000000f6d80000,0x00000000f6d80000,0x00000000f7280000)
 ParOldGen       total 349696K, used 349694K [0x00000000e0000000, 0x00000000f5580000, 0x00000000f5580000)
  object space 349696K, 99% used [0x00000000e0000000,0x00000000f557fae0,0x00000000f5580000)
 Metaspace       used 65212K, committed 66112K, reserved 1114112K
  class space    used 5811K, committed 6208K, reserved 1048576K
}
Event: 1236.363 GC heap after
{Heap after GC invocations=1154 (full 926):
 PSYoungGen      total 29696K, used 24575K [0x00000000f5580000, 0x00000000f7800000, 0x0000000100000000)
  eden space 24576K, 99% used [0x00000000f5580000,0x00000000f6d7ff10,0x00000000f6d80000)
  from space 5120K, 0% used [0x00000000f6d80000,0x00000000f6d80000,0x00000000f7280000)
  to   space 4608K, 0% used [0x00000000f7380000,0x00000000f7380000,0x00000000f7800000)
 ParOldGen       total 349696K, used 349694K [0x00000000e0000000, 0x00000000f5580000, 0x00000000f5580000)
  object space 349696K, 99% used [0x00000000e0000000,0x00000000f557fae0,0x00000000f5580000)
 Metaspace       used 65212K, committed 66112K, reserved 1114112K
  class space    used 5811K, committed 6208K, reserved 1048576K
}
Event: 1236.365 GC heap before
{Heap before GC invocations=1155 (full 927):
 PSYoungGen      total 29696K, used 24575K [0x00000000f5580000, 0x00000000f7800000, 0x0000000100000000)
  eden space 24576K, 99% used [0x00000000f5580000,0x00000000f6d7fff8,0x00000000f6d80000)
  from space 5120K, 0% used [0x00000000f6d80000,0x00000000f6d80000,0x00000000f7280000)
  to   space 4608K, 0% used [0x00000000f7380000,0x00000000f7380000,0x00000000f7800000)
 ParOldGen       total 349696K, used 349694K [0x00000000e0000000, 0x00000000f5580000, 0x00000000f5580000)
  object space 349696K, 99% used [0x00000000e0000000,0x00000000f557fae0,0x00000000f5580000)
 Metaspace       used 65212K, committed 66112K, reserved 1114112K
  class space    used 5811K, committed 6208K, reserved 1048576K
}
Event: 1237.467 GC heap after
{Heap after GC invocations=1155 (full 927):
 PSYoungGen      total 29184K, used 24575K [0x00000000f5580000, 0x00000000f7800000, 0x0000000100000000)
  eden space 24576K, 99% used [0x00000000f5580000,0x00000000f6d7ff40,0x00000000f6d80000)
  from space 4608K, 0% used [0x00000000f7380000,0x00000000f7380000,0x00000000f7800000)
  to   space 5120K, 0% used [0x00000000f6d80000,0x00000000f6d80000,0x00000000f7280000)
 ParOldGen       total 349696K, used 349694K [0x00000000e0000000, 0x00000000f5580000, 0x00000000f5580000)
  object space 349696K, 99% used [0x00000000e0000000,0x00000000f557fa60,0x00000000f5580000)
 Metaspace       used 65212K, committed 66112K, reserved 1114112K
  class space    used 5811K, committed 6208K, reserved 1048576K
}
Event: 1237.467 GC heap before
{Heap before GC invocations=1156 (full 928):
 PSYoungGen      total 29184K, used 24575K [0x00000000f5580000, 0x00000000f7800000, 0x0000000100000000)
  eden space 24576K, 99% used [0x00000000f5580000,0x00000000f6d7fff8,0x00000000f6d80000)
  from space 4608K, 0% used [0x00000000f7380000,0x00000000f7380000,0x00000000f7800000)
  to   space 5120K, 0% used [0x00000000f6d80000,0x00000000f6d80000,0x00000000f7280000)
 ParOldGen       total 349696K, used 349694K [0x00000000e0000000, 0x00000000f5580000, 0x00000000f5580000)
  object space 349696K, 99% used [0x00000000e0000000,0x00000000f557fa60,0x00000000f5580000)
 Metaspace       used 65212K, committed 66112K, reserved 1114112K
  class space    used 5811K, committed 6208K, reserved 1048576K
}
Event: 1238.544 GC heap after
{Heap after GC invocations=1156 (full 928):
 PSYoungGen      total 29696K, used 24575K [0x00000000f5580000, 0x00000000f7800000, 0x0000000100000000)
  eden space 24576K, 99% used [0x00000000f5580000,0x00000000f6d7ffd8,0x00000000f6d80000)
  from space 5120K, 0% used [0x00000000f6d80000,0x00000000f6d80000,0x00000000f7280000)
  to   space 4608K, 0% used [0x00000000f7380000,0x00000000f7380000,0x00000000f7800000)
 ParOldGen       total 349696K, used 349694K [0x00000000e0000000, 0x00000000f5580000, 0x00000000f5580000)
  object space 349696K, 99% used [0x00000000e0000000,0x00000000f557fa60,0x00000000f5580000)
 Metaspace       used 65212K, committed 66112K, reserved 1114112K
  class space    used 5811K, committed 6208K, reserved 1048576K
}
Event: 1238.545 GC heap before
{Heap before GC invocations=1157 (full 929):
 PSYoungGen      total 29696K, used 24575K [0x00000000f5580000, 0x00000000f7800000, 0x0000000100000000)
  eden space 24576K, 99% used [0x00000000f5580000,0x00000000f6d7fff0,0x00000000f6d80000)
  from space 5120K, 0% used [0x00000000f6d80000,0x00000000f6d80000,0x00000000f7280000)
  to   space 4608K, 0% used [0x00000000f7380000,0x00000000f7380000,0x00000000f7800000)
 ParOldGen       total 349696K, used 349694K [0x00000000e0000000, 0x00000000f5580000, 0x00000000f5580000)
  object space 349696K, 99% used [0x00000000e0000000,0x00000000f557fa60,0x00000000f5580000)
 Metaspace       used 65212K, committed 66112K, reserved 1114112K
  class space    used 5811K, committed 6208K, reserved 1048576K
}
Event: 1239.648 GC heap after
{Heap after GC invocations=1157 (full 929):
 PSYoungGen      total 29184K, used 24575K [0x00000000f5580000, 0x00000000f7800000, 0x0000000100000000)
  eden space 24576K, 99% used [0x00000000f5580000,0x00000000f6d7ffb8,0x00000000f6d80000)
  from space 4608K, 0% used [0x00000000f7380000,0x00000000f7380000,0x00000000f7800000)
  to   space 5120K, 0% used [0x00000000f6d80000,0x00000000f6d80000,0x00000000f7280000)
 ParOldGen       total 349696K, used 349694K [0x00000000e0000000, 0x00000000f5580000, 0x00000000f5580000)
  object space 349696K, 99% used [0x00000000e0000000,0x00000000f557fa60,0x00000000f5580000)
 Metaspace       used 65212K, committed 66112K, reserved 1114112K
  class space    used 5811K, committed 6208K, reserved 1048576K
}
Event: 1239.648 GC heap before
{Heap before GC invocations=1158 (full 930):
 PSYoungGen      total 29184K, used 24575K [0x00000000f5580000, 0x00000000f7800000, 0x0000000100000000)
  eden space 24576K, 99% used [0x00000000f5580000,0x00000000f6d7ffd0,0x00000000f6d80000)
  from space 4608K, 0% used [0x00000000f7380000,0x00000000f7380000,0x00000000f7800000)
  to   space 5120K, 0% used [0x00000000f6d80000,0x00000000f6d80000,0x00000000f7280000)
 ParOldGen       total 349696K, used 349694K [0x00000000e0000000, 0x00000000f5580000, 0x00000000f5580000)
  object space 349696K, 99% used [0x00000000e0000000,0x00000000f557fa60,0x00000000f5580000)
 Metaspace       used 65212K, committed 66112K, reserved 1114112K
  class space    used 5811K, committed 6208K, reserved 1048576K
}
Event: 1240.730 GC heap after
{Heap after GC invocations=1158 (full 930):
 PSYoungGen      total 29696K, used 24575K [0x00000000f5580000, 0x00000000f7800000, 0x0000000100000000)
  eden space 24576K, 99% used [0x00000000f5580000,0x00000000f6d7ffd0,0x00000000f6d80000)
  from space 5120K, 0% used [0x00000000f6d80000,0x00000000f6d80000,0x00000000f7280000)
  to   space 4608K, 0% used [0x00000000f7380000,0x00000000f7380000,0x00000000f7800000)
 ParOldGen       total 349696K, used 349694K [0x00000000e0000000, 0x00000000f5580000, 0x00000000f5580000)
  object space 349696K, 99% used [0x00000000e0000000,0x00000000f557fa60,0x00000000f5580000)
 Metaspace       used 65212K, committed 66112K, reserved 1114112K
  class space    used 5811K, committed 6208K, reserved 1048576K
}
Event: 1240.730 GC heap before
{Heap before GC invocations=1159 (full 931):
 PSYoungGen      total 29696K, used 24575K [0x00000000f5580000, 0x00000000f7800000, 0x0000000100000000)
  eden space 24576K, 99% used [0x00000000f5580000,0x00000000f6d7ffd0,0x00000000f6d80000)
  from space 5120K, 0% used [0x00000000f6d80000,0x00000000f6d80000,0x00000000f7280000)
  to   space 4608K, 0% used [0x00000000f7380000,0x00000000f7380000,0x00000000f7800000)
 ParOldGen       total 349696K, used 349694K [0x00000000e0000000, 0x00000000f5580000, 0x00000000f5580000)
  object space 349696K, 99% used [0x00000000e0000000,0x00000000f557fa60,0x00000000f5580000)
 Metaspace       used 65212K, committed 66112K, reserved 1114112K
  class space    used 5811K, committed 6208K, reserved 1048576K
}
Event: 1241.868 GC heap after
{Heap after GC invocations=1159 (full 931):
 PSYoungGen      total 29184K, used 24575K [0x00000000f5580000, 0x00000000f7800000, 0x0000000100000000)
  eden space 24576K, 99% used [0x00000000f5580000,0x00000000f6d7ffd0,0x00000000f6d80000)
  from space 4608K, 0% used [0x00000000f7380000,0x00000000f7380000,0x00000000f7800000)
  to   space 5120K, 0% used [0x00000000f6d80000,0x00000000f6d80000,0x00000000f7280000)
 ParOldGen       total 349696K, used 349694K [0x00000000e0000000, 0x00000000f5580000, 0x00000000f5580000)
  object space 349696K, 99% used [0x00000000e0000000,0x00000000f557fa60,0x00000000f5580000)
 Metaspace       used 65212K, committed 66112K, reserved 1114112K
  class space    used 5811K, committed 6208K, reserved 1048576K
}

